<?xml version="1.0" encoding="UTF-8"?>
<!-- Generated by org.testng.reporters.JUnitXMLReporter -->
<testsuite ignored="0" hostname="LAPTOP-4H0O299B" failures="0" tests="3" name="Default test" time="45.24" errors="0" timestamp="29 Jun 2021 09:31:25 GMT">
  <testcase classname="com.amazon.qa.testcases.PaymentPageTest" name="paymentProcess" time="10.556"/>
  <testcase classname="com.amazon.qa.testcases.PaymentPageTest" name="popupModalWindow" time="1.032"/>
  <testcase classname="com.amazon.qa.testcases.PaymentPageTest" name="invalCard" time="0.112"/>
</testsuite> <!-- Default test -->
