<?xml version="1.0" encoding="UTF-8"?>
<!-- Generated by org.testng.reporters.JUnitXMLReporter -->
<testsuite ignored="0" hostname="LAPTOP-4H0O299B" failures="0" tests="13" name="Test" time="274.633" errors="0" timestamp="30 Jun 2021 15:20:04 GMT">
  <testcase classname="com.amazon.qa.testcases.HomePageTest" name="PageTitleVerification" time="0.291"/>
  <testcase classname="com.amazon.qa.testcases.LoginPageTest" name="PageTitleVerification" time="0.085"/>
  <testcase classname="com.amazon.qa.testcases.SearchPageTest" name="verifyPageTitle" time="3.093"/>
  <testcase classname="com.amazon.qa.testcases.ProductPageTest" name="userNameVerification" time="5.081"/>
  <testcase classname="com.amazon.qa.testcases.PaymentPageTest" name="verifyHeadingTest" time="10.079"/>
  <testcase classname="com.amazon.qa.testcases.HomePageTest" name="loginClick" time="1.667"/>
  <testcase classname="com.amazon.qa.testcases.LoginPageTest" name="loginProcess" time="6.627"/>
  <testcase classname="com.amazon.qa.testcases.SearchPageTest" name="veifyUserName" time="5.107"/>
  <testcase classname="com.amazon.qa.testcases.ProductPageTest" name="productNameVerification" time="5.098"/>
  <testcase classname="com.amazon.qa.testcases.PaymentPageTest" name="paymentProcess" time="10.776"/>
  <testcase classname="com.amazon.qa.testcases.SearchPageTest" name="searchItem" time="5.536"/>
  <testcase classname="com.amazon.qa.testcases.ProductPageTest" name="productPriceVerification" time="0.05"/>
  <testcase classname="com.amazon.qa.testcases.ProductPageTest" name="purchasingProduct" time="14.37"/>
</testsuite> <!-- Test -->
