<?xml version="1.0" encoding="UTF-8"?>
<testng-results ignored="0" total="13" passed="13" failed="0" skipped="0">
  <reporter-output>
  </reporter-output>
  <suite started-at="2021-06-30T15:15:29Z" name="Suite" finished-at="2021-06-30T15:20:04Z" duration-ms="274633">
    <groups>
    </groups>
    <test started-at="2021-06-30T15:15:29Z" name="Test" finished-at="2021-06-30T15:20:04Z" duration-ms="274633">
      <class name="com.amazon.qa.testcases.PaymentPageTest">
        <test-method is-config="true" signature="setUp()[pri:0, instance:com.amazon.qa.testcases.PaymentPageTest@5ccbeb64]" started-at="2021-06-30T20:46:24Z" name="setUp" finished-at="2021-06-30T20:46:52Z" duration-ms="28247" status="PASS">
          <reporter-output>
          </reporter-output>
        </test-method> <!-- setUp -->
        <test-method signature="verifyHeadingTest()[pri:1, instance:com.amazon.qa.testcases.PaymentPageTest@5ccbeb64]" started-at="2021-06-30T20:46:52Z" name="verifyHeadingTest" finished-at="2021-06-30T20:47:02Z" duration-ms="10079" status="PASS">
          <reporter-output>
          </reporter-output>
        </test-method> <!-- verifyHeadingTest -->
        <test-method is-config="true" signature="tearDown()[pri:0, instance:com.amazon.qa.testcases.PaymentPageTest@5ccbeb64]" started-at="2021-06-30T20:47:02Z" name="tearDown" finished-at="2021-06-30T20:47:03Z" duration-ms="957" status="PASS">
          <reporter-output>
          </reporter-output>
        </test-method> <!-- tearDown -->
        <test-method is-config="true" signature="setUp()[pri:0, instance:com.amazon.qa.testcases.PaymentPageTest@5ccbeb64]" started-at="2021-06-30T20:48:14Z" name="setUp" finished-at="2021-06-30T20:48:47Z" duration-ms="32995" status="PASS">
          <reporter-output>
          </reporter-output>
        </test-method> <!-- setUp -->
        <test-method signature="paymentProcess()[pri:2, instance:com.amazon.qa.testcases.PaymentPageTest@5ccbeb64]" started-at="2021-06-30T20:48:47Z" name="paymentProcess" finished-at="2021-06-30T20:48:57Z" duration-ms="10776" status="PASS">
          <reporter-output>
          </reporter-output>
        </test-method> <!-- paymentProcess -->
        <test-method is-config="true" signature="tearDown()[pri:0, instance:com.amazon.qa.testcases.PaymentPageTest@5ccbeb64]" started-at="2021-06-30T20:48:58Z" name="tearDown" finished-at="2021-06-30T20:48:58Z" duration-ms="800" status="PASS">
          <reporter-output>
          </reporter-output>
        </test-method> <!-- tearDown -->
      </class> <!-- com.amazon.qa.testcases.PaymentPageTest -->
      <class name="com.amazon.qa.testcases.ProductPageTest">
        <test-method is-config="true" signature="setUp()[pri:0, instance:com.amazon.qa.testcases.ProductPageTest@112f364d]" started-at="2021-06-30T20:46:00Z" name="setUp" finished-at="2021-06-30T20:46:17Z" duration-ms="17044" status="PASS">
          <reporter-output>
          </reporter-output>
        </test-method> <!-- setUp -->
        <test-method signature="userNameVerification()[pri:1, instance:com.amazon.qa.testcases.ProductPageTest@112f364d]" started-at="2021-06-30T20:46:17Z" name="userNameVerification" finished-at="2021-06-30T20:46:22Z" duration-ms="5081" status="PASS">
          <reporter-output>
          </reporter-output>
        </test-method> <!-- userNameVerification -->
        <test-method is-config="true" signature="tearDown()[pri:0, instance:com.amazon.qa.testcases.ProductPageTest@112f364d]" started-at="2021-06-30T20:46:23Z" name="tearDown" finished-at="2021-06-30T20:46:24Z" duration-ms="900" status="PASS">
          <reporter-output>
          </reporter-output>
        </test-method> <!-- tearDown -->
        <test-method is-config="true" signature="setUp()[pri:0, instance:com.amazon.qa.testcases.ProductPageTest@112f364d]" started-at="2021-06-30T20:47:49Z" name="setUp" finished-at="2021-06-30T20:48:07Z" duration-ms="17923" status="PASS">
          <reporter-output>
          </reporter-output>
        </test-method> <!-- setUp -->
        <test-method signature="productNameVerification()[pri:2, instance:com.amazon.qa.testcases.ProductPageTest@112f364d]" started-at="2021-06-30T20:48:07Z" name="productNameVerification" finished-at="2021-06-30T20:48:12Z" duration-ms="5098" status="PASS">
          <reporter-output>
          </reporter-output>
        </test-method> <!-- productNameVerification -->
        <test-method is-config="true" signature="tearDown()[pri:0, instance:com.amazon.qa.testcases.ProductPageTest@112f364d]" started-at="2021-06-30T20:48:13Z" name="tearDown" finished-at="2021-06-30T20:48:14Z" duration-ms="930" status="PASS">
          <reporter-output>
          </reporter-output>
        </test-method> <!-- tearDown -->
        <test-method is-config="true" signature="setUp()[pri:0, instance:com.amazon.qa.testcases.ProductPageTest@112f364d]" started-at="2021-06-30T20:49:16Z" name="setUp" finished-at="2021-06-30T20:49:30Z" duration-ms="14586" status="PASS">
          <reporter-output>
          </reporter-output>
        </test-method> <!-- setUp -->
        <test-method signature="productPriceVerification()[pri:3, instance:com.amazon.qa.testcases.ProductPageTest@112f364d]" started-at="2021-06-30T20:49:30Z" name="productPriceVerification" finished-at="2021-06-30T20:49:30Z" duration-ms="50" status="PASS">
          <reporter-output>
          </reporter-output>
        </test-method> <!-- productPriceVerification -->
        <test-method is-config="true" signature="tearDown()[pri:0, instance:com.amazon.qa.testcases.ProductPageTest@112f364d]" started-at="2021-06-30T20:49:33Z" name="tearDown" finished-at="2021-06-30T20:49:34Z" duration-ms="893" status="PASS">
          <reporter-output>
          </reporter-output>
        </test-method> <!-- tearDown -->
        <test-method is-config="true" signature="setUp()[pri:0, instance:com.amazon.qa.testcases.ProductPageTest@112f364d]" started-at="2021-06-30T20:49:34Z" name="setUp" finished-at="2021-06-30T20:49:48Z" duration-ms="14192" status="PASS">
          <reporter-output>
          </reporter-output>
        </test-method> <!-- setUp -->
        <test-method signature="purchasingProduct()[pri:4, instance:com.amazon.qa.testcases.ProductPageTest@112f364d]" started-at="2021-06-30T20:49:48Z" name="purchasingProduct" finished-at="2021-06-30T20:50:03Z" duration-ms="14370" status="PASS">
          <reporter-output>
          </reporter-output>
        </test-method> <!-- purchasingProduct -->
        <test-method is-config="true" signature="tearDown()[pri:0, instance:com.amazon.qa.testcases.ProductPageTest@112f364d]" started-at="2021-06-30T20:50:03Z" name="tearDown" finished-at="2021-06-30T20:50:04Z" duration-ms="968" status="PASS">
          <reporter-output>
          </reporter-output>
        </test-method> <!-- tearDown -->
      </class> <!-- com.amazon.qa.testcases.ProductPageTest -->
      <class name="com.amazon.qa.testcases.HomePageTest">
        <test-method is-config="true" signature="setUp()[pri:0, instance:com.amazon.qa.testcases.HomePageTest@189aa67a]" started-at="2021-06-30T20:45:29Z" name="setUp" finished-at="2021-06-30T20:45:37Z" duration-ms="7214" status="PASS">
          <reporter-output>
          </reporter-output>
        </test-method> <!-- setUp -->
        <test-method signature="PageTitleVerification()[pri:1, instance:com.amazon.qa.testcases.HomePageTest@189aa67a]" started-at="2021-06-30T20:45:37Z" name="PageTitleVerification" finished-at="2021-06-30T20:45:37Z" duration-ms="291" status="PASS">
          <reporter-output>
          </reporter-output>
        </test-method> <!-- PageTitleVerification -->
        <test-method is-config="true" signature="tearDown()[pri:0, instance:com.amazon.qa.testcases.HomePageTest@189aa67a]" started-at="2021-06-30T20:45:38Z" name="tearDown" finished-at="2021-06-30T20:45:39Z" duration-ms="786" status="PASS">
          <reporter-output>
          </reporter-output>
        </test-method> <!-- tearDown -->
        <test-method is-config="true" signature="setUp()[pri:0, instance:com.amazon.qa.testcases.HomePageTest@189aa67a]" started-at="2021-06-30T20:47:03Z" name="setUp" finished-at="2021-06-30T20:47:09Z" duration-ms="5746" status="PASS">
          <reporter-output>
          </reporter-output>
        </test-method> <!-- setUp -->
        <test-method signature="loginClick()[pri:2, instance:com.amazon.qa.testcases.HomePageTest@189aa67a]" started-at="2021-06-30T20:47:09Z" name="loginClick" finished-at="2021-06-30T20:47:11Z" duration-ms="1667" status="PASS">
          <reporter-output>
          </reporter-output>
        </test-method> <!-- loginClick -->
        <test-method is-config="true" signature="tearDown()[pri:0, instance:com.amazon.qa.testcases.HomePageTest@189aa67a]" started-at="2021-06-30T20:47:12Z" name="tearDown" finished-at="2021-06-30T20:47:13Z" duration-ms="1240" status="PASS">
          <reporter-output>
          </reporter-output>
        </test-method> <!-- tearDown -->
      </class> <!-- com.amazon.qa.testcases.HomePageTest -->
      <class name="com.amazon.qa.testcases.SearchPageTest">
        <test-method is-config="true" signature="setUp()[pri:0, instance:com.amazon.qa.testcases.SearchPageTest@362045c0]" started-at="2021-06-30T20:45:47Z" name="setUp" finished-at="2021-06-30T20:45:56Z" duration-ms="8351" status="PASS">
          <reporter-output>
          </reporter-output>
        </test-method> <!-- setUp -->
        <test-method signature="verifyPageTitle()[pri:1, instance:com.amazon.qa.testcases.SearchPageTest@362045c0]" started-at="2021-06-30T20:45:56Z" name="verifyPageTitle" finished-at="2021-06-30T20:45:59Z" duration-ms="3093" status="PASS">
          <reporter-output>
          </reporter-output>
        </test-method> <!-- verifyPageTitle -->
        <test-method is-config="true" signature="tearDown()[pri:0, instance:com.amazon.qa.testcases.SearchPageTest@362045c0]" started-at="2021-06-30T20:46:00Z" name="tearDown" finished-at="2021-06-30T20:46:00Z" duration-ms="788" status="PASS">
          <reporter-output>
          </reporter-output>
        </test-method> <!-- tearDown -->
        <test-method is-config="true" signature="setUp()[pri:0, instance:com.amazon.qa.testcases.SearchPageTest@362045c0]" started-at="2021-06-30T20:47:32Z" name="setUp" finished-at="2021-06-30T20:47:42Z" duration-ms="9565" status="PASS">
          <reporter-output>
          </reporter-output>
        </test-method> <!-- setUp -->
        <test-method signature="veifyUserName()[pri:2, instance:com.amazon.qa.testcases.SearchPageTest@362045c0]" started-at="2021-06-30T20:47:42Z" name="veifyUserName" finished-at="2021-06-30T20:47:47Z" duration-ms="5107" status="PASS">
          <reporter-output>
          </reporter-output>
        </test-method> <!-- veifyUserName -->
        <test-method is-config="true" signature="tearDown()[pri:0, instance:com.amazon.qa.testcases.SearchPageTest@362045c0]" started-at="2021-06-30T20:47:48Z" name="tearDown" finished-at="2021-06-30T20:47:49Z" duration-ms="965" status="PASS">
          <reporter-output>
          </reporter-output>
        </test-method> <!-- tearDown -->
        <test-method is-config="true" signature="setUp()[pri:0, instance:com.amazon.qa.testcases.SearchPageTest@362045c0]" started-at="2021-06-30T20:48:58Z" name="setUp" finished-at="2021-06-30T20:49:07Z" duration-ms="8235" status="PASS">
          <reporter-output>
          </reporter-output>
        </test-method> <!-- setUp -->
        <test-method signature="searchItem()[pri:3, instance:com.amazon.qa.testcases.SearchPageTest@362045c0]" started-at="2021-06-30T20:49:07Z" name="searchItem" finished-at="2021-06-30T20:49:12Z" duration-ms="5536" status="PASS">
          <reporter-output>
          </reporter-output>
        </test-method> <!-- searchItem -->
        <test-method is-config="true" signature="tearDown()[pri:0, instance:com.amazon.qa.testcases.SearchPageTest@362045c0]" started-at="2021-06-30T20:49:15Z" name="tearDown" finished-at="2021-06-30T20:49:16Z" duration-ms="810" status="PASS">
          <reporter-output>
          </reporter-output>
        </test-method> <!-- tearDown -->
      </class> <!-- com.amazon.qa.testcases.SearchPageTest -->
      <class name="com.amazon.qa.testcases.LoginPageTest">
        <test-method is-config="true" signature="setUp()[pri:0, instance:com.amazon.qa.testcases.LoginPageTest@5a9d6f02]" started-at="2021-06-30T20:45:39Z" name="setUp" finished-at="2021-06-30T20:45:46Z" duration-ms="7246" status="PASS">
          <reporter-output>
          </reporter-output>
        </test-method> <!-- setUp -->
        <test-method signature="PageTitleVerification()[pri:1, instance:com.amazon.qa.testcases.LoginPageTest@5a9d6f02]" started-at="2021-06-30T20:45:46Z" name="PageTitleVerification" finished-at="2021-06-30T20:45:46Z" duration-ms="85" status="PASS">
          <reporter-output>
          </reporter-output>
        </test-method> <!-- PageTitleVerification -->
        <test-method is-config="true" signature="tearDown()[pri:0, instance:com.amazon.qa.testcases.LoginPageTest@5a9d6f02]" started-at="2021-06-30T20:45:46Z" name="tearDown" finished-at="2021-06-30T20:45:47Z" duration-ms="852" status="PASS">
          <reporter-output>
          </reporter-output>
        </test-method> <!-- tearDown -->
        <test-method is-config="true" signature="setUp()[pri:0, instance:com.amazon.qa.testcases.LoginPageTest@5a9d6f02]" started-at="2021-06-30T20:47:13Z" name="setUp" finished-at="2021-06-30T20:47:21Z" duration-ms="7918" status="PASS">
          <reporter-output>
          </reporter-output>
        </test-method> <!-- setUp -->
        <test-method signature="loginProcess()[pri:2, instance:com.amazon.qa.testcases.LoginPageTest@5a9d6f02]" started-at="2021-06-30T20:47:21Z" name="loginProcess" finished-at="2021-06-30T20:47:28Z" duration-ms="6627" status="PASS">
          <reporter-output>
          </reporter-output>
        </test-method> <!-- loginProcess -->
        <test-method is-config="true" signature="tearDown()[pri:0, instance:com.amazon.qa.testcases.LoginPageTest@5a9d6f02]" started-at="2021-06-30T20:47:31Z" name="tearDown" finished-at="2021-06-30T20:47:32Z" duration-ms="843" status="PASS">
          <reporter-output>
          </reporter-output>
        </test-method> <!-- tearDown -->
      </class> <!-- com.amazon.qa.testcases.LoginPageTest -->
    </test> <!-- Test -->
  </suite> <!-- Suite -->
</testng-results>
